This is pdfTeX, Version 3.141592653-2.6-1.40.24 (MiKTeX 22.11.25) (preloaded format=pdflatex 2022.12.11)  11 MAY 2023 19:31
entering extended mode
 restricted \write18 enabled.
 file:line:error style messages enabled.
 %&-line parsing enabled.
**c:/Users/lucia/Documents/Programacion/EDP/main.tex
(c:/Users/lucia/Documents/Programacion/EDP/main.tex
LaTeX2e <2022-11-01> patch level 1
L3 programming layer <2022-11-02> (C:\Users\lucia\AppData\Local\Programs\MiKTeX\tex/latex/base\article.cls
Document Class: article 2022/07/02 v1.4n Standard LaTeX document class
(C:\Users\lucia\AppData\Local\Programs\MiKTeX\tex/latex/base\size10.clo
File: size10.clo 2022/07/02 v1.4n Standard LaTeX file (size option)
)
\c@part=\count185
\c@section=\count186
\c@subsection=\count187
\c@subsubsection=\count188
\c@paragraph=\count189
\c@subparagraph=\count190
\c@figure=\count191
\c@table=\count192
\abovecaptionskip=\skip48
\belowcaptionskip=\skip49
\bibindent=\dimen140
) (C:\Users\lucia\AppData\Local\Programs\MiKTeX\tex/latex/l3backend\l3backend-pdftex.def
File: l3backend-pdftex.def 2022-10-26 L3 backend support: PDF output (pdfTeX)
\l__color_backend_stack_int=\count193
\l__pdf_internal_box=\box51
) (main.aux)
\openout1 = `main.aux'.

LaTeX Font Info:    Checking defaults for OML/cmm/m/it on input line 6.
LaTeX Font Info:    ... okay on input line 6.
LaTeX Font Info:    Checking defaults for OMS/cmsy/m/n on input line 6.
LaTeX Font Info:    ... okay on input line 6.
LaTeX Font Info:    Checking defaults for OT1/cmr/m/n on input line 6.
LaTeX Font Info:    ... okay on input line 6.
LaTeX Font Info:    Checking defaults for T1/cmr/m/n on input line 6.
LaTeX Font Info:    ... okay on input line 6.
LaTeX Font Info:    Checking defaults for TS1/cmr/m/n on input line 6.
LaTeX Font Info:    ... okay on input line 6.
LaTeX Font Info:    Checking defaults for OMX/cmex/m/n on input line 6.
LaTeX Font Info:    ... okay on input line 6.
LaTeX Font Info:    Checking defaults for U/cmr/m/n on input line 6.
LaTeX Font Info:    ... okay on input line 6.
LaTeX Font Info:    External font `cmex10' loaded for size
(Font)              <12> on input line 8.
LaTeX Font Info:    External font `cmex10' loaded for size
(Font)              <8> on input line 8.
LaTeX Font Info:    External font `cmex10' loaded for size
(Font)              <6> on input line 8.
 [1

{C:/Users/lucia/AppData/Local/MiKTeX/fonts/map/pdftex/pdftex.map}] (main.toc
LaTeX Font Info:    External font `cmex10' loaded for size
(Font)              <7> on input line 2.
LaTeX Font Info:    External font `cmex10' loaded for size
(Font)              <5> on input line 2.
)
\tf@toc=\write3
\openout3 = `main.toc'.


Overfull \hbox (19.91963pt too wide) in paragraph at lines 22--22
[]\OT1/cmr/bx/n/14.4 Descripci^^Son del al-go-ritmo de Sch^^?onhage-Strassen 
 []


Overfull \hbox (1.08202pt too wide) in paragraph at lines 31--31
[]\OT1/cmr/bx/n/12 Estudio de las con-stantes ocul-tas y su im-pacto pr^^Sactico 
 []


Overfull \hbox (7.664pt too wide) in paragraph at lines 44--44
[]\OT1/cmr/bx/n/12 Variantes y mejo-ras prop-ues-tas por otros in-ves-ti-gadores 
 []

[2]
Overfull \vbox (274.58263pt too high) has occurred while \output is active []

 [3] (main.aux) ) 
Here is how much of TeX's memory you used:
 470 strings out of 475281
 8931 string characters out of 2774064
 366403 words of memory out of 3000000
 22021 multiletter control sequences out of 15000+600000
 473514 words of font info for 42 fonts, out of 8000000 for 9000
 1141 hyphenation exceptions out of 8191
 34i,7n,38p,229b,205s stack positions out of 10000i,1000n,20000p,200000b,80000s
<C:/Users/lucia/AppData/Local/Programs/MiKTeX/fonts/type1/public/amsfonts/cm/cmbx10.pfb><C:/Users/lucia/AppData/Local/Programs/MiKTeX/fonts/type1/public/amsfonts/cm/cmbx12.pfb><C:/Users/lucia/AppData/Local/Programs/MiKTeX/fonts/type1/public/amsfonts/cm/cmr10.pfb><C:/Users/lucia/AppData/Local/Programs/MiKTeX/fonts/type1/public/amsfonts/cm/cmr12.pfb><C:/Users/lucia/AppData/Local/Programs/MiKTeX/fonts/type1/public/amsfonts/cm/cmr17.pfb>
Output written on main.pdf (3 pages, 85415 bytes).
PDF statistics:
 37 PDF objects out of 1000 (max. 8388607)
 0 named destinations out of 1000 (max. 500000)
 1 words of extra memory for PDF output out of 10000 (max. 10000000)

